<?xml version="1.0" encoding="UTF-8"?>
<testng-results ignored="12" total="13" passed="1" failed="0" skipped="0">
  <reporter-output>
  </reporter-output>
  <suite started-at="2025-07-19T23:57:44 IST" name="Default suite" finished-at="2025-07-19T23:58:06 IST" duration-ms="21562">
    <groups>
    </groups>
    <test started-at="2025-07-19T23:57:44 IST" name="Default test" finished-at="2025-07-19T23:58:06 IST" duration-ms="21562">
      <class name="qa.test.InterviewTests">
        <test-method signature="jdbcTest()[pri:0, instance:qa.test.InterviewTests@7c7a06ec]" started-at="2025-07-19T23:57:44 IST" name="jdbcTest" finished-at="2025-07-19T23:58:06 IST" duration-ms="21438" status="PASS">
          <reporter-output>
          </reporter-output>
        </test-method> <!-- jdbcTest -->
      </class> <!-- qa.test.InterviewTests -->
    </test> <!-- Default test -->
  </suite> <!-- Default suite -->
</testng-results>
