<?xml version="1.0" encoding="UTF-8"?>
<testng-results ignored="0" total="1" passed="1" failed="0" skipped="0">
  <reporter-output>
  </reporter-output>
  <suite started-at="2025-07-18T07:50:06 IST" name="Default suite" finished-at="2025-07-18T07:50:08 IST" duration-ms="2687">
    <groups>
      <group name="sanity">
        <method signature="CrudTest.deserialize()[pri:10, instance:tests.CrudTest@4bff64c2]" name="deserialize" class="tests.CrudTest"/>
      </group> <!-- sanity -->
    </groups>
    <test started-at="2025-07-18T07:50:06 IST" name="Default test" finished-at="2025-07-18T07:50:08 IST" duration-ms="2687">
      <class name="tests.CrudTest">
        <test-method is-config="true" signature="setup()[pri:0, instance:tests.CrudTest@4bff64c2]" started-at="2025-07-18T07:50:06 IST" name="setup" finished-at="2025-07-18T07:50:06 IST" duration-ms="587" status="PASS">
          <reporter-output>
          </reporter-output>
        </test-method> <!-- setup -->
        <test-method signature="deserialize()[pri:10, instance:tests.CrudTest@4bff64c2]" started-at="2025-07-18T07:50:06 IST" name="deserialize" finished-at="2025-07-18T07:50:08 IST" duration-ms="2050" status="PASS">
          <reporter-output>
          </reporter-output>
        </test-method> <!-- deserialize -->
        <test-method is-config="true" signature="tearDown()[pri:0, instance:tests.CrudTest@4bff64c2]" started-at="2025-07-18T07:50:08 IST" name="tearDown" finished-at="2025-07-18T07:50:08 IST" duration-ms="1" status="PASS">
          <reporter-output>
          </reporter-output>
        </test-method> <!-- tearDown -->
      </class> <!-- tests.CrudTest -->
    </test> <!-- Default test -->
  </suite> <!-- Default suite -->
</testng-results>
