<?xml version="1.0" encoding="UTF-8"?>
<!-- Generated by org.testng.reporters.JUnitXMLReporter -->
<testsuite ignored="2" hostname="MAASDS03342X" failures="1" tests="2" name="Test" time="2.946" errors="0" timestamp="2025-07-13T14:45:57 IST">
  <testcase classname="tests.CrudTest" name="getInvalidEndpoint_shouldReturn404" time="1.487">
    <failure type="java.lang.AssertionError" message="Expected &amp;apos;Not Found&amp;apos; message or empty body expected [true] but found [false]">
      <![CDATA[java.lang.AssertionError: Expected 'Not Found' message or empty body expected [true] but found [false]
at tests.CrudTest.getInvalidEndpoint_shouldReturn404(CrudTest.java:177)
at java.base/java.util.ArrayList.forEach(ArrayList.java:1596)
... Removed 28 stack frames]]>
    </failure>
  </testcase> <!-- getInvalidEndpoint_shouldReturn404 -->
  <testcase classname="tests.CrudTest" name="validateGetUsersPage2" time="0.654"/>
  <testcase classname="tests.CrudTest" name="validateGetUser" time="0.0">
    <ignored/>
  </testcase> <!-- validateGetUser -->
  <testcase classname="tests.CrudTest" name="validateUserTest" time="0.0">
    <ignored/>
  </testcase> <!-- validateUserTest -->
</testsuite> <!-- Test -->
