<?xml version="1.0" encoding="UTF-8"?>
<testng-results ignored="0" total="1" passed="1" failed="0" skipped="0">
  <reporter-output>
  </reporter-output>
  <suite started-at="2025-07-07T00:06:32 IST" name="Suite" finished-at="2025-07-07T00:07:01 IST" duration-ms="28578">
    <groups>
    </groups>
    <test started-at="2025-07-07T00:06:32 IST" name="Test" finished-at="2025-07-07T00:07:01 IST" duration-ms="28578">
      <class name="qa.test.TestCase1">
        <test-method is-config="true" signature="beforeTestMethod()[pri:0, instance:qa.test.TestCase1@bcec361]" started-at="2025-07-07T00:06:32 IST" name="beforeTestMethod" finished-at="2025-07-07T00:06:33 IST" duration-ms="1038" status="PASS">
          <reporter-output>
          </reporter-output>
        </test-method> <!-- beforeTestMethod -->
        <test-method is-config="true" signature="beforeMethod(java.lang.String,java.lang.reflect.Method)[pri:0, instance:qa.test.TestCase1@bcec361]" started-at="2025-07-07T00:06:33 IST" name="beforeMethod" finished-at="2025-07-07T00:06:45 IST" duration-ms="11369" status="PASS">
          <params>
            <param index="0">
              <value>
                <![CDATA[chrome]]>
              </value>
            </param>
            <param index="1">
              <value>
                <![CDATA[public void qa.test.TestCase1.sampleMethodForEnteringDetails()]]>
              </value>
            </param>
          </params>
          <reporter-output>
          </reporter-output>
        </test-method> <!-- beforeMethod -->
        <test-method signature="sampleMethodForEnteringDetails()[pri:0, instance:qa.test.TestCase1@bcec361]" started-at="2025-07-07T00:06:45 IST" name="sampleMethodForEnteringDetails" finished-at="2025-07-07T00:06:58 IST" duration-ms="13473" status="PASS">
          <reporter-output>
          </reporter-output>
        </test-method> <!-- sampleMethodForEnteringDetails -->
        <test-method is-config="true" signature="afterMethod(org.testng.ITestResult)[pri:0, instance:qa.test.TestCase1@bcec361]" started-at="2025-07-07T00:06:58 IST" name="afterMethod" finished-at="2025-07-07T00:06:59 IST" duration-ms="1316" status="PASS">
          <params>
            <param index="0">
              <value>
                <![CDATA[[TestResult name=sampleMethodForEnteringDetails status=SUCCESS method=TestCase1.sampleMethodForEnteringDetails()[pri:0, instance:qa.test.TestCase1@bcec361] output={null}]]]>
              </value>
            </param>
          </params>
          <reporter-output>
          </reporter-output>
        </test-method> <!-- afterMethod -->
        <test-method is-config="true" signature="afterTest()[pri:0, instance:qa.test.TestCase1@bcec361]" started-at="2025-07-07T00:06:59 IST" name="afterTest" finished-at="2025-07-07T00:07:01 IST" duration-ms="1217" status="PASS">
          <reporter-output>
          </reporter-output>
        </test-method> <!-- afterTest -->
      </class> <!-- qa.test.TestCase1 -->
    </test> <!-- Test -->
  </suite> <!-- Suite -->
</testng-results>
