<?xml version="1.0" encoding="UTF-8"?>
<!-- Generated by org.testng.reporters.JUnitXMLReporter -->
<testsuite ignored="12" hostname="MAASDS03342X" failures="0" tests="1" name="Default test" time="21.562" errors="0" timestamp="2025-07-19T23:58:06 IST">
  <testcase classname="qa.test.InterviewTests" name="jdbcTest" time="21.438"/>
  <testcase classname="qa.test.InterviewTests" name="arrayToList" time="0.0">
    <ignored/>
  </testcase> <!-- arrayToList -->
  <testcase classname="qa.test.InterviewTests" name="stringSort" time="0.0">
    <ignored/>
  </testcase> <!-- stringSort -->
  <testcase classname="qa.test.InterviewTests" name="duplicateChecker" time="0.0">
    <ignored/>
  </testcase> <!-- duplicateChecker -->
  <testcase classname="qa.test.InterviewTests" name="fibanocci" time="0.0">
    <ignored/>
  </testcase> <!-- fibanocci -->
  <testcase classname="qa.test.InterviewTests" name="stringStreamPrint" time="0.0">
    <ignored/>
  </testcase> <!-- stringStreamPrint -->
  <testcase classname="qa.test.InterviewTests" name="stringStream" time="0.0">
    <ignored/>
  </testcase> <!-- stringStream -->
  <testcase classname="qa.test.InterviewTests" name="streamTest" time="0.0">
    <ignored/>
  </testcase> <!-- streamTest -->
  <testcase classname="qa.test.InterviewTests" name="duplicate" time="0.0">
    <ignored/>
  </testcase> <!-- duplicate -->
  <testcase classname="qa.test.InterviewTests" name="windowsHandler" time="0.0">
    <ignored/>
  </testcase> <!-- windowsHandler -->
  <testcase classname="qa.test.InterviewTests" name="datePicker" time="0.0">
    <ignored/>
  </testcase> <!-- datePicker -->
  <testcase classname="qa.test.InterviewTests" name="reverseString" time="0.0">
    <ignored/>
  </testcase> <!-- reverseString -->
  <testcase classname="qa.test.InterviewTests" name="palindromeChecker" time="0.0">
    <ignored/>
  </testcase> <!-- palindromeChecker -->
</testsuite> <!-- Default test -->
