<?xml version="1.0" encoding="UTF-8"?>
<!-- Generated by org.testng.reporters.JUnitXMLReporter -->
<testsuite ignored="6" hostname="MAASDS03342X" failures="0" tests="1" name="Default test" time="2.687" errors="0" timestamp="2025-07-18T07:50:08 IST">
  <testcase classname="tests.CrudTest" name="deserialize" time="2.05"/>
  <testcase classname="tests.CrudTest" name="validateGetUsersPage2" time="0.0">
    <ignored/>
  </testcase> <!-- validateGetUsersPage2 -->
  <testcase classname="tests.CrudTest" name="updateUser" time="0.0">
    <ignored/>
  </testcase> <!-- updateUser -->
  <testcase classname="tests.CrudTest" name="validateUserTest" time="0.0">
    <ignored/>
  </testcase> <!-- validateUserTest -->
  <testcase classname="tests.CrudTest" name="getInvalidEndpoint_shouldReturn404" time="0.0">
    <ignored/>
  </testcase> <!-- getInvalidEndpoint_shouldReturn404 -->
  <testcase classname="tests.CrudTest" name="createUser" time="0.0">
    <ignored/>
  </testcase> <!-- createUser -->
  <testcase classname="tests.CrudTest" name="validateGetUser" time="0.0">
    <ignored/>
  </testcase> <!-- validateGetUser -->
</testsuite> <!-- Default test -->
