<?xml version="1.0" encoding="UTF-8"?>
<!-- Generated by org.testng.reporters.JUnitXMLReporter -->
<testsuite ignored="4" hostname="MAASDS03342X" failures="0" tests="1" name="Default test" time="2.652" errors="0" timestamp="2025-07-09T00:26:20 IST">
  <testcase classname="framework.RestAssured.tests.OtherTest" name="nestedJsonAssertion" time="2.057"/>
  <testcase classname="framework.RestAssured.tests.CRUDtest" name="validateGetUser" time="0.0">
    <ignored/>
  </testcase> <!-- validateGetUser -->
  <testcase classname="framework.RestAssured.tests.OtherTest" name="headerAssertions" time="0.0">
    <ignored/>
  </testcase> <!-- headerAssertions -->
  <testcase classname="framework.RestAssured.tests.OtherTest" name="listSizeAndArrayChecks" time="0.0">
    <ignored/>
  </testcase> <!-- listSizeAndArrayChecks -->
  <testcase classname="framework.RestAssured.tests.CRUDtest" name="validateUserTest" time="0.0">
    <ignored/>
  </testcase> <!-- validateUserTest -->
</testsuite> <!-- Default test -->
